-- The C compiler identification is GNU 13.3.0
-- The CXX compiler identification is GNU 13.3.0
-- Detecting C compiler ABI info
-- Detecting C compiler ABI info - done
-- Check for working C compiler: /usr/bin/cc - skipped
-- Detecting C compile features
-- Detecting C compile features - done
-- Detecting CXX compiler ABI info
-- Detecting CXX compiler ABI info - done
-- Check for working CXX compiler: /usr/bin/c++ - skipped
-- Detecting CXX compile features
-- Detecting CXX compile features - done
-- Found ament_cmake: 2.5.4 (/opt/ros/jazzy/share/ament_cmake/cmake)
-- Found Python3: /usr/bin/python3 (found version "3.12.3") found components: Interpreter 
-- Found rclcpp: 28.1.11 (/opt/ros/jazzy/share/rclcpp/cmake)
-- Found rosidl_generator_c: 4.6.6 (/opt/ros/jazzy/share/rosidl_generator_c/cmake)
-- Found rosidl_generator_cpp: 4.6.6 (/opt/ros/jazzy/share/rosidl_generator_cpp/cmake)
-- Using all available rosidl_typesupport_c: rosidl_typesupport_fastrtps_c;rosidl_typesupport_introspection_c
-- Using all available rosidl_typesupport_cpp: rosidl_typesupport_fastrtps_cpp;rosidl_typesupport_introspection_cpp
-- Found rmw_implementation_cmake: 7.3.2 (/opt/ros/jazzy/share/rmw_implementation_cmake/cmake)
-- Found rmw_fastrtps_cpp: 8.4.3 (/opt/ros/jazzy/share/rmw_fastrtps_cpp/cmake)
-- Found OpenSSL: /usr/lib/aarch64-linux-gnu/libcrypto.so (found version "3.0.13")  
-- Found FastRTPS: /opt/ros/jazzy/include (Required is at least version "2.13") 
-- Using RMW implementation 'rmw_fastrtps_cpp' as default
-- Found sensor_msgs: 5.3.6 (/opt/ros/jazzy/share/sensor_msgs/cmake)
-- Configuring done (3.5s)
-- Generating done (0.0s)
-- Build files have been written to: /home/robotpi/ws_lidar/build/mpu9250driver
[ 16%] [32mBuilding CXX object lib/mpu9250sensor/CMakeFiles/mpu9250sensor.dir/src/mpu9250sensor.cpp.o[0m
In file included from [01m[K/home/robotpi/ws_lidar/src/ros2_mpu9250_driver/lib/mpu9250sensor/src/mpu9250sensor.cpp:1[m[K:
[01m[K/home/robotpi/ws_lidar/src/ros2_mpu9250_driver/lib/mpu9250sensor/include/mpu9250sensor/mpu9250sensor.h:94:28:[m[K [01;31m[Kerror: [m[Kfield â€˜[01m[KACCEL_RANGES[m[Kâ€™ has incomplete type â€˜[01m[Kconst std::array<int, 4>[m[Kâ€™
   94 |   const std::array<int, 4> [01;31m[KACCEL_RANGES[m[K{2, 4, 8, 16};
      |                            [01;31m[K^~~~~~~~~~~~[m[K
In file included from [01m[K/usr/include/c++/13/bits/unique_ptr.h:36[m[K,
                 from [01m[K/usr/include/c++/13/memory:78[m[K,
                 from [01m[K/home/robotpi/ws_lidar/src/ros2_mpu9250_driver/lib/mpu9250sensor/include/mpu9250sensor/mpu9250sensor.h:4[m[K:
[01m[K/usr/include/c++/13/tuple:2019:45:[m[K [01;36m[Knote: [m[Kdeclaration of â€˜[01m[Kstruct std::array<int, 4>[m[Kâ€™
 2019 |   template<typename _Tp, size_t _Nm> struct [01;36m[Karray[m[K;
      |                                             [01;36m[K^~~~~[m[K
[01m[K/home/robotpi/ws_lidar/src/ros2_mpu9250_driver/lib/mpu9250sensor/include/mpu9250sensor/mpu9250sensor.h:95:28:[m[K [01;31m[Kerror: [m[Kfield â€˜[01m[KGYRO_RANGES[m[Kâ€™ has incomplete type â€˜[01m[Kconst std::array<int, 4>[m[Kâ€™
   95 |   const std::array<int, 4> [01;31m[KGYRO_RANGES[m[K{250, 500, 1000, 2000};
      |                            [01;31m[K^~~~~~~~~~~[m[K
[01m[K/usr/include/c++/13/tuple:2019:45:[m[K [01;36m[Knote: [m[Kdeclaration of â€˜[01m[Kstruct std::array<int, 4>[m[Kâ€™
 2019 |   template<typename _Tp, size_t _Nm> struct [01;36m[Karray[m[K;
      |                                             [01;36m[K^~~~~[m[K
[01m[K/home/robotpi/ws_lidar/src/ros2_mpu9250_driver/lib/mpu9250sensor/include/mpu9250sensor/mpu9250sensor.h:96:28:[m[K [01;31m[Kerror: [m[Kfield â€˜[01m[KDLPF_RANGES[m[Kâ€™ has incomplete type â€˜[01m[Kconst std::array<int, 7>[m[Kâ€™
   96 |   const std::array<int, 7> [01;31m[KDLPF_RANGES[m[K{260, 184, 94, 44, 21, 10, 5};
      |                            [01;31m[K^~~~~~~~~~~[m[K
[01m[K/usr/include/c++/13/tuple:2019:45:[m[K [01;36m[Knote: [m[Kdeclaration of â€˜[01m[Kstruct std::array<int, 7>[m[Kâ€™
 2019 |   template<typename _Tp, size_t _Nm> struct [01;36m[Karray[m[K;
      |                                             [01;36m[K^~~~~[m[K
gmake[2]: *** [lib/mpu9250sensor/CMakeFiles/mpu9250sensor.dir/build.make:76: lib/mpu9250sensor/CMakeFiles/mpu9250sensor.dir/src/mpu9250sensor.cpp.o] Error 1
gmake[1]: *** [CMakeFiles/Makefile2:240: lib/mpu9250sensor/CMakeFiles/mpu9250sensor.dir/all] Error 2
gmake: *** [Makefile:146: all] Error 2
