[0.029s] Invoking command in '/home/robotpi/ws_lidar/build/mpu9250driver': CMAKE_PREFIX_PATH=${CMAKE_PREFIX_PATH}:/home/robotpi/ws_lidar/install/imu_lidar_sensor_fusion:/opt/ros/jazzy DEBUGINFOD_URLS=https://debuginfod.ubuntu.com /usr/bin/cmake /home/robotpi/ws_lidar/src/ros2_mpu9250_driver -DCMAKE_INSTALL_PREFIX=/home/robotpi/ws_lidar/install/mpu9250driver
[0.355s] -- The C compiler identification is GNU 13.3.0
[0.604s] -- The CXX compiler identification is GNU 13.3.0
[0.667s] -- Detecting C compiler ABI info
[0.986s] -- Detecting C compiler ABI info - done
[1.008s] -- Check for working C compiler: /usr/bin/cc - skipped
[1.016s] -- Detecting C compile features
[1.017s] -- Detecting C compile features - done
[1.050s] -- Detecting CXX compiler ABI info
[1.339s] -- Detecting CXX compiler ABI info - done
[1.359s] -- Check for working CXX compiler: /usr/bin/c++ - skipped
[1.360s] -- Detecting CXX compile features
[1.361s] -- Detecting CXX compile features - done
[1.381s] -- Found ament_cmake: 2.5.4 (/opt/ros/jazzy/share/ament_cmake/cmake)
[1.729s] -- Found Python3: /usr/bin/python3 (found version "3.12.3") found components: Interpreter 
[2.035s] -- Found rclcpp: 28.1.11 (/opt/ros/jazzy/share/rclcpp/cmake)
[2.168s] -- Found rosidl_generator_c: 4.6.6 (/opt/ros/jazzy/share/rosidl_generator_c/cmake)
[2.219s] -- Found rosidl_generator_cpp: 4.6.6 (/opt/ros/jazzy/share/rosidl_generator_cpp/cmake)
[2.271s] -- Using all available rosidl_typesupport_c: rosidl_typesupport_fastrtps_c;rosidl_typesupport_introspection_c
[2.323s] -- Using all available rosidl_typesupport_cpp: rosidl_typesupport_fastrtps_cpp;rosidl_typesupport_introspection_cpp
[2.551s] -- Found rmw_implementation_cmake: 7.3.2 (/opt/ros/jazzy/share/rmw_implementation_cmake/cmake)
[2.559s] -- Found rmw_fastrtps_cpp: 8.4.3 (/opt/ros/jazzy/share/rmw_fastrtps_cpp/cmake)
[2.815s] -- Found OpenSSL: /usr/lib/aarch64-linux-gnu/libcrypto.so (found version "3.0.13")  
[2.866s] -- Found FastRTPS: /opt/ros/jazzy/include (Required is at least version "2.13") 
[2.941s] -- Using RMW implementation 'rmw_fastrtps_cpp' as default
[3.141s] -- Found sensor_msgs: 5.3.6 (/opt/ros/jazzy/share/sensor_msgs/cmake)
[3.573s] -- Configuring done (3.5s)
[3.619s] -- Generating done (0.0s)
[3.638s] -- Build files have been written to: /home/robotpi/ws_lidar/build/mpu9250driver
[3.676s] Invoked command in '/home/robotpi/ws_lidar/build/mpu9250driver' returned '0': CMAKE_PREFIX_PATH=${CMAKE_PREFIX_PATH}:/home/robotpi/ws_lidar/install/imu_lidar_sensor_fusion:/opt/ros/jazzy DEBUGINFOD_URLS=https://debuginfod.ubuntu.com /usr/bin/cmake /home/robotpi/ws_lidar/src/ros2_mpu9250_driver -DCMAKE_INSTALL_PREFIX=/home/robotpi/ws_lidar/install/mpu9250driver
[3.677s] Invoking command in '/home/robotpi/ws_lidar/build/mpu9250driver': CMAKE_PREFIX_PATH=${CMAKE_PREFIX_PATH}:/home/robotpi/ws_lidar/install/imu_lidar_sensor_fusion:/opt/ros/jazzy DEBUGINFOD_URLS=https://debuginfod.ubuntu.com /usr/bin/cmake --build /home/robotpi/ws_lidar/build/mpu9250driver -- -j4 -l4
[3.807s] [ 16%] [32mBuilding CXX object lib/mpu9250sensor/CMakeFiles/mpu9250sensor.dir/src/mpu9250sensor.cpp.o[0m
[4.425s] In file included from [01m[K/home/robotpi/ws_lidar/src/ros2_mpu9250_driver/lib/mpu9250sensor/src/mpu9250sensor.cpp:1[m[K:
[4.426s] [01m[K/home/robotpi/ws_lidar/src/ros2_mpu9250_driver/lib/mpu9250sensor/include/mpu9250sensor/mpu9250sensor.h:94:28:[m[K [01;31m[Kerror: [m[Kfield â€˜[01m[KACCEL_RANGES[m[Kâ€™ has incomplete type â€˜[01m[Kconst std::array<int, 4>[m[Kâ€™
[4.427s]    94 |   const std::array<int, 4> [01;31m[KACCEL_RANGES[m[K{2, 4, 8, 16};
[4.427s]       |                            [01;31m[K^~~~~~~~~~~~[m[K
[4.428s] In file included from [01m[K/usr/include/c++/13/bits/unique_ptr.h:36[m[K,
[4.429s]                  from [01m[K/usr/include/c++/13/memory:78[m[K,
[4.429s]                  from [01m[K/home/robotpi/ws_lidar/src/ros2_mpu9250_driver/lib/mpu9250sensor/include/mpu9250sensor/mpu9250sensor.h:4[m[K:
[4.429s] [01m[K/usr/include/c++/13/tuple:2019:45:[m[K [01;36m[Knote: [m[Kdeclaration of â€˜[01m[Kstruct std::array<int, 4>[m[Kâ€™
[4.429s]  2019 |   template<typename _Tp, size_t _Nm> struct [01;36m[Karray[m[K;
[4.431s]       |                                             [01;36m[K^~~~~[m[K
[4.431s] [01m[K/home/robotpi/ws_lidar/src/ros2_mpu9250_driver/lib/mpu9250sensor/include/mpu9250sensor/mpu9250sensor.h:95:28:[m[K [01;31m[Kerror: [m[Kfield â€˜[01m[KGYRO_RANGES[m[Kâ€™ has incomplete type â€˜[01m[Kconst std::array<int, 4>[m[Kâ€™
[4.432s]    95 |   const std::array<int, 4> [01;31m[KGYRO_RANGES[m[K{250, 500, 1000, 2000};
[4.432s]       |                            [01;31m[K^~~~~~~~~~~[m[K
[4.432s] [01m[K/usr/include/c++/13/tuple:2019:45:[m[K [01;36m[Knote: [m[Kdeclaration of â€˜[01m[Kstruct std::array<int, 4>[m[Kâ€™
[4.432s]  2019 |   template<typename _Tp, size_t _Nm> struct [01;36m[Karray[m[K;
[4.432s]       |                                             [01;36m[K^~~~~[m[K
[4.433s] [01m[K/home/robotpi/ws_lidar/src/ros2_mpu9250_driver/lib/mpu9250sensor/include/mpu9250sensor/mpu9250sensor.h:96:28:[m[K [01;31m[Kerror: [m[Kfield â€˜[01m[KDLPF_RANGES[m[Kâ€™ has incomplete type â€˜[01m[Kconst std::array<int, 7>[m[Kâ€™
[4.433s]    96 |   const std::array<int, 7> [01;31m[KDLPF_RANGES[m[K{260, 184, 94, 44, 21, 10, 5};
[4.433s]       |                            [01;31m[K^~~~~~~~~~~[m[K
[4.433s] [01m[K/usr/include/c++/13/tuple:2019:45:[m[K [01;36m[Knote: [m[Kdeclaration of â€˜[01m[Kstruct std::array<int, 7>[m[Kâ€™
[4.436s]  2019 |   template<typename _Tp, size_t _Nm> struct [01;36m[Karray[m[K;
[4.436s]       |                                             [01;36m[K^~~~~[m[K
[4.944s] gmake[2]: *** [lib/mpu9250sensor/CMakeFiles/mpu9250sensor.dir/build.make:76: lib/mpu9250sensor/CMakeFiles/mpu9250sensor.dir/src/mpu9250sensor.cpp.o] Error 1
[4.945s] gmake[1]: *** [CMakeFiles/Makefile2:240: lib/mpu9250sensor/CMakeFiles/mpu9250sensor.dir/all] Error 2
[4.946s] gmake: *** [Makefile:146: all] Error 2
[4.952s] Invoked command in '/home/robotpi/ws_lidar/build/mpu9250driver' returned '2': CMAKE_PREFIX_PATH=${CMAKE_PREFIX_PATH}:/home/robotpi/ws_lidar/install/imu_lidar_sensor_fusion:/opt/ros/jazzy DEBUGINFOD_URLS=https://debuginfod.ubuntu.com /usr/bin/cmake --build /home/robotpi/ws_lidar/build/mpu9250driver -- -j4 -l4
