[0.026s] Invoking command in '/home/robotpi/ws_lidar/build/mpu9250driver': CMAKE_PREFIX_PATH=${CMAKE_PREFIX_PATH}:/home/robotpi/ws_lidar/install/imu_lidar_sensor_fusion:/opt/ros/jazzy DEBUGINFOD_URLS=https://debuginfod.ubuntu.com /usr/bin/cmake --build /home/robotpi/ws_lidar/build/mpu9250driver -- -j4 -l4
[0.182s] [ 16%] [32mBuilding CXX object lib/mpu9250sensor/CMakeFiles/mpu9250sensor.dir/src/mpu9250sensor.cpp.o[0m
[0.743s] In file included from [01m[K/home/robotpi/ws_lidar/src/ros2_mpu9250_driver/lib/mpu9250sensor/src/mpu9250sensor.cpp:1[m[K:
[0.743s] [01m[K/home/robotpi/ws_lidar/src/ros2_mpu9250_driver/lib/mpu9250sensor/include/mpu9250sensor/mpu9250sensor.h:94:28:[m[K [01;31m[Kerror: [m[Kfield â€˜[01m[KACCEL_RANGES[m[Kâ€™ has incomplete type â€˜[01m[Kconst std::array<int, 4>[m[Kâ€™
[0.743s]    94 |   const std::array<int, 4> [01;31m[KACCEL_RANGES[m[K{2, 4, 8, 16};
[0.744s]       |                            [01;31m[K^~~~~~~~~~~~[m[K
[0.744s] In file included from [01m[K/usr/include/c++/13/bits/unique_ptr.h:36[m[K,
[0.744s]                  from [01m[K/usr/include/c++/13/memory:78[m[K,
[0.744s]                  from [01m[K/home/robotpi/ws_lidar/src/ros2_mpu9250_driver/lib/mpu9250sensor/include/mpu9250sensor/mpu9250sensor.h:4[m[K:
[0.744s] [01m[K/usr/include/c++/13/tuple:2019:45:[m[K [01;36m[Knote: [m[Kdeclaration of â€˜[01m[Kstruct std::array<int, 4>[m[Kâ€™
[0.744s]  2019 |   template<typename _Tp, size_t _Nm> struct [01;36m[Karray[m[K;
[0.744s]       |                                             [01;36m[K^~~~~[m[K
[0.744s] [01m[K/home/robotpi/ws_lidar/src/ros2_mpu9250_driver/lib/mpu9250sensor/include/mpu9250sensor/mpu9250sensor.h:95:28:[m[K [01;31m[Kerror: [m[Kfield â€˜[01m[KGYRO_RANGES[m[Kâ€™ has incomplete type â€˜[01m[Kconst std::array<int, 4>[m[Kâ€™
[0.744s]    95 |   const std::array<int, 4> [01;31m[KGYRO_RANGES[m[K{250, 500, 1000, 2000};
[0.744s]       |                            [01;31m[K^~~~~~~~~~~[m[K
[0.744s] [01m[K/usr/include/c++/13/tuple:2019:45:[m[K [01;36m[Knote: [m[Kdeclaration of â€˜[01m[Kstruct std::array<int, 4>[m[Kâ€™
[0.744s]  2019 |   template<typename _Tp, size_t _Nm> struct [01;36m[Karray[m[K;
[0.747s]       |                                             [01;36m[K^~~~~[m[K
[0.747s] [01m[K/home/robotpi/ws_lidar/src/ros2_mpu9250_driver/lib/mpu9250sensor/include/mpu9250sensor/mpu9250sensor.h:96:28:[m[K [01;31m[Kerror: [m[Kfield â€˜[01m[KDLPF_RANGES[m[Kâ€™ has incomplete type â€˜[01m[Kconst std::array<int, 7>[m[Kâ€™
[0.747s]    96 |   const std::array<int, 7> [01;31m[KDLPF_RANGES[m[K{260, 184, 94, 44, 21, 10, 5};
[0.747s]       |                            [01;31m[K^~~~~~~~~~~[m[K
[0.747s] [01m[K/usr/include/c++/13/tuple:2019:45:[m[K [01;36m[Knote: [m[Kdeclaration of â€˜[01m[Kstruct std::array<int, 7>[m[Kâ€™
[0.747s]  2019 |   template<typename _Tp, size_t _Nm> struct [01;36m[Karray[m[K;
[0.748s]       |                                             [01;36m[K^~~~~[m[K
[1.269s] gmake[2]: *** [lib/mpu9250sensor/CMakeFiles/mpu9250sensor.dir/build.make:76: lib/mpu9250sensor/CMakeFiles/mpu9250sensor.dir/src/mpu9250sensor.cpp.o] Error 1
[1.270s] gmake[1]: *** [CMakeFiles/Makefile2:240: lib/mpu9250sensor/CMakeFiles/mpu9250sensor.dir/all] Error 2
[1.270s] gmake: *** [Makefile:146: all] Error 2
[1.283s] Invoked command in '/home/robotpi/ws_lidar/build/mpu9250driver' returned '2': CMAKE_PREFIX_PATH=${CMAKE_PREFIX_PATH}:/home/robotpi/ws_lidar/install/imu_lidar_sensor_fusion:/opt/ros/jazzy DEBUGINFOD_URLS=https://debuginfod.ubuntu.com /usr/bin/cmake --build /home/robotpi/ws_lidar/build/mpu9250driver -- -j4 -l4
